McEliece Implementation Comparison Tests
========================================

Running 20 tests for each component

=== PRG COMPARISON TEST ===
Testing 20 different seeds

Test 1: ✅ MATCH
Test 2: ✅ MATCH
Test 3: ✅ MATCH
Test 4: ✅ MATCH
Test 5: ✅ MATCH
Test 6: ✅ MATCH
Test 7: ✅ MATCH
Test 8: ✅ MATCH
Test 9: ✅ MATCH
Test 10: ✅ MATCH
Test 11: ✅ MATCH
Test 12: ✅ MATCH
Test 13: ✅ MATCH
Test 14: ✅ MATCH
Test 15: ✅ MATCH
Test 16: ✅ MATCH
Test 17: ✅ MATCH
Test 18: ✅ MATCH
Test 19: ✅ MATCH
Test 20: ✅ MATCH

PRG Results: 20/20 tests passed (100.0%)

=== IRREDUCIBLE POLYNOMIAL COMPARISON TEST ===
Testing 20 different polynomial inputs

Test 1: ✅ MATCH
Test 2: ✅ MATCH
Test 3: ✅ MATCH
Test 4: ✅ MATCH
Test 5: ✅ MATCH
Test 6: ✅ MATCH
Test 7: ✅ MATCH
Test 8: ✅ MATCH
Test 9: ✅ MATCH
Test 10: ✅ MATCH
Test 11: ✅ MATCH
Test 12: ✅ MATCH
Test 13: ✅ MATCH
Test 14: ✅ MATCH
Test 15: ✅ MATCH
Test 16: ✅ MATCH
Test 17: ✅ MATCH
Test 18: ✅ MATCH
Test 19: ✅ MATCH
Test 20: ✅ MATCH

Irreducible Polynomial Results: 20/20 tests passed (100.0%)

=== FIELD ORDERING COMPARISON TEST ===
Testing 20 different field ordering inputs

Test 1: ✅ MATCH
Test 2: ✅ MATCH
Test 3: ✅ MATCH
Test 4: ✅ MATCH
Test 5: ✅ MATCH
Test 6: ✅ MATCH
Test 7: ✅ MATCH
Test 8: ✅ MATCH
Test 9: ✅ MATCH
Test 10: ✅ MATCH
Test 11: ✅ MATCH
Test 12: ✅ MATCH
Test 13: ✅ MATCH
Test 14: ✅ MATCH
Test 15: ✅ MATCH
Test 16: ✅ MATCH
Test 17: ✅ MATCH
Test 18: ✅ MATCH
Test 19: ✅ MATCH
Test 20: ✅ MATCH

Field Ordering Results: 20/20 tests passed (100.0%)

=== GAUSSIAN ELIMINATION DIRECT COMPARISON TEST ===
Testing 20 identical matrices with both implementations

Test 1: Our:✅ Ref:❌ Match:N/A
Test 2: Our:✅ Ref:❌ Match:N/A
Test 3: Our:✅ Ref:✅ Match:✅
Test 4: Our:✅ Ref:❌ Match:N/A
Test 5: Our:✅ Ref:❌ Match:N/A
Test 6: Our:✅ Ref:❌ Match:N/A
Test 7: Our:✅ Ref:❌ Match:N/A
Test 8: Our:✅ Ref:❌ Match:N/A
Test 9: Our:✅ Ref:❌ Match:N/A
Test 10: Our:✅ Ref:❌ Match:N/A
Test 11: Our:✅ Ref:❌ Match:N/A
Test 12: Our:✅ Ref:✅ Match:✅
Test 13: Our:✅ Ref:❌ Match:N/A
Test 14: Our:✅ Ref:❌ Match:N/A
Test 15: Our:✅ Ref:✅ Match:✅
Test 16: Our:✅ Ref:❌ Match:N/A
Test 17: Our:✅ Ref:✅ Match:✅
Test 18: Our:✅ Ref:❌ Match:N/A
Test 19: Our:✅ Ref:❌ Match:N/A
Test 20: Our:✅ Ref:❌ Match:N/A

Gaussian Elimination Comparison Results:
  Our Implementation: 20/20 successes (100.0%)
  Reference Implementation: 4/20 successes (20.0%)
  Exact Matrix Matches: 4/20 (20.0%)

Running H matrix consistency test...
=== H MATRIX CONSISTENCY TEST ===
Testing if both implementations generate identical H matrices
Using KAT seed from kat_kem.req

Using seed: 061550234D158C5EC95595FE04EF7A25767F2E24CC2BC479D09D86DC9ABCFDE7

--- STEP 1: Generate Polynomial and Field Ordering ---
Irreducible polynomial generation: ✅ Success
Field ordering generation: ✅ Success
Support set validation: ✅ Success
g coefficients (first 8): 12FC 071B 098A 0908 1984 0705 0255 0707 
alpha values (first 8): 06B5 1275 1303 0BA0 0BD5 16EE 0D54 038B 

--- STEP 2: Build H Matrices ---
Our H matrix construction: ✅ Success
Building reference H matrix...
Reference H matrix construction: ✅ Success

--- STEP 3: Compare H Matrices ---
Sample data comparison (first 4 rows, first 64 bytes):
Row 0 our: 03B24E9CC524B4EA3EE695055DDFEF835CE97B00602509E22382FAA4B536A9D88E00AE9EE1DD97A124B34A52EBDBB439B4F1070E0F1F6D76D7386D34E01B1B2F
Row 0 ref: 03B24E9CC524B4EA3EE695055DDFEF835CE97B00602509E22382FAA4B536A9D88E00AE9EE1DD97A124B34A52EBDBB439B4F1070E0F1F6D76D7386D34E01B1B2F
Row 0: ✅ MATCH

Row 1 our: 993B91057747C53DD6C81DEFBD0F76DB33E26420BFCB8C021A9EAD52C99E166AD0881341DD4A5D5E092218BBDCEBC084542805E07C91D9CDB584620F966224EC
Row 1 ref: 993B91057747C53DD6C81DEFBD0F76DB33E26420BFCB8C021A9EAD52C99E166AD0881341DD4A5D5E092218BBDCEBC084542805E07C91D9CDB584620F966224EC
Row 1: ✅ MATCH

Row 2 our: B7CADFCA93B0E8AD195D69A1F3056DE8E38A94453B64A8A1D0F35F1BCFE1C9106C0CE780DBDFB3828FBB4188EAF43AE949272817BAB87AA3C4A5303604D83A15
Row 2 ref: B7CADFCA93B0E8AD195D69A1F3056DE8E38A94453B64A8A1D0F35F1BCFE1C9106C0CE780DBDFB3828FBB4188EAF43AE949272817BAB87AA3C4A5303604D83A15
Row 2: ✅ MATCH

Row 3 our: 9A088F38B1667DE9AEBF85EDD1512577657EF462DA0EE6FB234DD8773162B9ACEB6BF7889C48E84A9F15C720231E7F5C1F408E7C1C08AA33443B815755F510BA
Row 3 ref: 9A088F38B1667DE9AEBF85EDD1512577657EF462DA0EE6FB234DD8773162B9ACEB6BF7889C48E84A9F15C720231E7F5C1F408E7C1C08AA33443B815755F510BA
Row 3: ✅ MATCH

Full H matrix comparison: ✅ IDENTICAL

=== H MATRIX TEST SUMMARY ===
Prerequisites: ✅ All passed
Our H construction: ✅ Success
H matrix consistency: ✅ IDENTICAL
=== FINAL SUMMARY ===
PRG Comparison:              20/20 (100.0%)
Irreducible Polynomial:      20/20 (100.0%)
Field Ordering:              20/20 (100.0%)
Gaussian Elimination Match:  4/20 (20.0%)
H Matrix Consistency:        ✅ PASS

Overall Comparison Score:    65/81 (80.2%)
