Using seed from /Users/zhanghanqi/CLionProjects/ClassicMceliece/mceliece6688128/kat_kem.req
seed48 (48 bytes): 061550234D158C5EC95595FE04EF7A25767F2E24CC2BC479D09D86DC9ABCFDE7056A8C266F9EF97ED08541DBD2E1FFA1
=== Our implementation data flow ===
PRG output r (first 64) (33892 bytes): 73E4B58F1CE51A0A64E11D19F93B5A80051D3B1C31690128D29CAF8467566FBA87795BA60464A8F1E588CB3DFDAD2DF84708FBFD11FFC7C17A48D50B0053B776...(33892)
s section (first 32) (836 bytes): 73E4B58F1CE51A0A64E11D19F93B5A80051D3B1C31690128D29CAF8467566FBA...(836)
field section (first 64) (32768 bytes): 680C34DC73BE6686A0616BFA586369B52E92BCBF65947E86921A1166BF39EAD5470FFFB7EFDD9E91FBCC71AFC9D7C9E6144B80D66B067733488E7D07F3157B17...(32768)
poly section (first 32) (256 bytes): C71DA368F74CA37EAEE36565D461BEC2A0EA8785D310BD4E058E971CEBD1BF25...(256)
generate_irreducible_poly_final() => OK
g coeffs (first 32): 14D6 0BBE 08FD 05A1 1339 090C 04E1 0C8D 050E 0864 184D 13EC 04D1 1A81 15B0 1F6A 161E 180B 1483 18E2 1428 1563 1D1D 05F4 00CC 0E78 0DC2 1405 1B2A 0BA8 1691 1DC6 
g is monic: YES
generate_field_ordering() => OK
alpha (first 32): 01DA 0B34 0D1D 1BDD 1874 1759 14E8 030E 138E 195E 1B42 01C0 0596 1700 1536 0EFD 17FA 1DFC 04AE 1F6D 19DE 0EA1 137F 1E7E 0349 0A5E 0DB9 04ED 0FE4 1BD5 05DC 1399 
Field ordering alpha match (full Q): YES
Our vs Ref inv using alpha_ref (j=0..7):
  our: 04C3 1538 07D7 12FB 0497 1332 1AB3 0A7E 
  ref: 04C3 1538 07D7 12FB 0497 1332 1AB3 0A7E 
Our inv LSBs using alpha_ref (k=0, j=0..7):  10111010
g(L) compare using alpha_ref (j=0..7):
j=0 ref=146B our=146B
j=1 ref=1700 our=1700
j=2 ref=1704 our=1704
j=3 ref=05BB our=05BB
j=4 ref=0275 our=0275
j=5 ref=1F1E our=1F1E
j=6 ref=1B45 our=1B45
j=7 ref=1F60 our=1F60
Our(inv_pre) LSBs with support-for-H (k=0, j=0..7): 10111010
build_parity_check_matrix_reference_style() => OK
Ref-expected row0 first byte (k=0): 5D
reduce_to_systematic_form() => OK
H matrix identical: YES
Row0 first 8 bytes (our):  5D 17 F5 1E F0 2D 28 02 
Row0 first byte bits (our):  01011101
Our L[0..7]:  1179 1622 1A6C 1C2C 0766 0CAE 1126 18DD 
Our inv[0..7]: 1ED5 122C 0CF6 00A5 0D4B 1D8A 0A25 0329 
Our inv bits (row0, k=0..12, cols 0..7):
k= 0: 10011011
k= 1: 00101100
k= 2: 11110010
k= 3: 01001101
k= 4: 10100000
k= 5: 01110011
k= 6: 10101000
k= 7: 10110100
k= 8: 00001101
k= 9: 11000011
k=10: 10101100
k=11: 10101110
k=12: 11000100
Our inv LSBs (k=0, j=0..7):  10011011
GF compare g(L[j]) and inv (j=0..7):
j=0 ref_val=119D our_val=119D ref_inv=1ED5 our_inv=1ED5
j=1 ref_val=1376 our_val=1376 ref_inv=122C our_inv=122C
j=2 ref_val=0AA5 our_val=0AA5 ref_inv=0CF6 our_inv=0CF6
j=3 ref_val=03B6 our_val=03B6 ref_inv=00A5 our_inv=00A5
j=4 ref_val=1590 our_val=1590 ref_inv=0D4B our_inv=0D4B
j=5 ref_val=0DC1 our_val=0DC1 ref_inv=1D8A our_inv=1D8A
j=6 ref_val=0F13 our_val=0F13 ref_inv=0A25 our_inv=0A25
j=7 ref_val=00D4 our_val=00D4 ref_inv=0329 our_inv=0329
Irreducible polynomial identical: YES
