Using seed from /Users/zhanghanqi/CLionProjects/ClassicMceliece/mceliece6688128/kat_kem.req
seed48 (48 bytes): 061550234D158C5EC95595FE04EF7A25767F2E24CC2BC479D09D86DC9ABCFDE7056A8C266F9EF97ED08541DBD2E1FFA1
=== Reference implementation data flow ===
seed33 (33 bytes): 407C9935A0B07694AA0C6D10E4DB6B1ADD2FD81A25CCB148032DCD739936737F2D
PRG output r (first 64) (33892 bytes): 73E4B58F1CE51A0A64E11D19F93B5A80051D3B1C31690128D29CAF8467566FBA87795BA60464A8F1E588CB3DFDAD2DF84708FBFD11FFC7C17A48D50B0053B776...(33892)
genpoly_gen input f (128): 1DC7 08A3 0CF7 1EA3 03AE 0565 01D4 02BE 0AA0 0587 10D3 0EBD 0E05 1C97 11EB 05BF 1ED3 1D56 168C 1CAB 00CA 0B3F 0FD1 0723 0E14 0D10 087D 1D7B 0B9E 06E1 19A0 0BD7 ...(128)
genpoly_gen() => OK
genpoly_gen output irr (128): 14D6 0BBE 08FD 05A1 1339 090C 04E1 0C8D 050E 0864 184D 13EC 04D1 1A81 15B0 1F6A 161E 180B 1483 18E2 1428 1563 1D1D 05F4 00CC 0E78 0DC2 1405 1B2A 0BA8 1691 1DC6 ...(128)
perm[0..7]: DC340C68 8666BE73 FA6B61A0 B5696358 BFBC922E 867E9465 66111A92 D5EA39BF 
reference alpha (first 32): 01DA 0B34 0D1D 1BDD 1874 1759 14E8 030E 138E 195E 1B42 01C0 0596 1700 1536 0EFD 17FA 1DFC 04AE 1F6D 19DE 0EA1 137F 1E7E 0349 0A5E 0DB9 04ED 0FE4 1BD5 05DC 1399 
pk_gen() => FAIL
Ref L[0..7]: 01DA 0B34 0D1D 1BDD 1874 1759 14E8 030E 
Ref inv[0..7]: 04C3 1538 07D7 12FB 0497 1332 1AB3 0A7E 
Ref inv bits (row0, k=0..12, cols 0..7):
k= 0: 10111010
k= 1: 10111111
k= 2: 00101001
k= 3: 01010001
k= 4: 01111111
k= 5: 01010111
k= 6: 10110001
k= 7: 10111010
k= 8: 01100100
k= 9: 00110111
k=10: 11101000
k=11: 00000011
k=12: 01010110
Ref inv LSBs (k=0, j=0..7): 10111010
Ref reconstructed row0 first byte: A5
H matrix identical: YES
Row0 first 8 bytes (ref): 5D 17 F5 1E F0 2D 28 02 
Row0 first byte bits (ref): 01011101
Irreducible polynomial identical: YES
